0 info it worked if it ends with ok
1 verbose cli [ '/usr/local/bin/node', '/usr/local/bin/npm', 'publish' ]
2 info using npm@3.5.2
3 info using node@v4.2.2
4 verbose publish [ '.' ]
5 silly cache add args [ '.', null ]
6 verbose cache add spec .
7 silly cache add parsed spec Result {
7 silly cache add   raw: '.',
7 silly cache add   scope: null,
7 silly cache add   name: null,
7 silly cache add   rawSpec: '.',
7 silly cache add   spec: '/Users/arsenghazaryan/image-optimizer',
7 silly cache add   type: 'directory' }
8 verbose addLocalDirectory /Users/arsenghazaryan/.npm/image-optimize/0.0.1/package.tgz not in flight; packing
9 info lifecycle image-optimize@0.0.1~prepublish: image-optimize@0.0.1
10 silly lifecycle image-optimize@0.0.1~prepublish: no script for prepublish, continuing
11 verbose tar pack [ '/Users/arsenghazaryan/.npm/image-optimize/0.0.1/package.tgz',
11 verbose tar pack   '/Users/arsenghazaryan/image-optimizer' ]
12 verbose tarball /Users/arsenghazaryan/.npm/image-optimize/0.0.1/package.tgz
13 verbose folder /Users/arsenghazaryan/image-optimizer
14 verbose addLocalTarball adding from inside cache /Users/arsenghazaryan/.npm/image-optimize/0.0.1/package.tgz
15 silly cache afterAdd image-optimize@0.0.1
16 verbose afterAdd /Users/arsenghazaryan/.npm/image-optimize/0.0.1/package/package.json not in flight; writing
17 verbose afterAdd /Users/arsenghazaryan/.npm/image-optimize/0.0.1/package/package.json written
18 silly publish { name: 'image-optimize',
18 silly publish   version: '0.0.1',
18 silly publish   description: 'Image compression utility',
18 silly publish   scripts: { compress: 'node compress.js' },
18 silly publish   author: { name: 'Arsen Ghazaryan' },
18 silly publish   license: 'ISC',
18 silly publish   dependencies:
18 silly publish    { commander: '^2.9.0',
18 silly publish      'fs-extra': '^0.26.2',
18 silly publish      glob: '^5.0.15',
18 silly publish      'pngquant-bin': '^3.0.0' },
18 silly publish   main: 'compress.js',
18 silly publish   devDependencies: {},
18 silly publish   repository:
18 silly publish    { type: 'git',
18 silly publish      url: 'git+ssh://git@github.com/arsenghazaryan/image-optimizer.git' },
18 silly publish   readme: '**Node based PNG compressor tool.**\n\ngit clone git@gitlab.aofl.com:arsenghazaryan/image-optimizer.git\n\ncd image-optimizer\n\nnpm install (to install all dependencies)\n\n./compress -h (to get help)\n\n**example usage:**\n\n**to optimize the whole folder**\n./compress -path /PATH TO FOLDER/\n\n**to optimize a single file:**\n./compress -path /PATH TO FILE.png',
18 silly publish   readmeFilename: 'README.md',
18 silly publish   gitHead: '640aa9072fe13f699374e04c07876c6e1073b5b2',
18 silly publish   bugs: { url: 'https://github.com/arsenghazaryan/image-optimizer/issues' },
18 silly publish   homepage: 'https://github.com/arsenghazaryan/image-optimizer#readme',
18 silly publish   _id: 'image-optimize@0.0.1',
18 silly publish   _shasum: '796268b7acfd5d7d456047c3ca585126d4a1736c',
18 silly publish   _from: '.' }
19 verbose getPublishConfig undefined
20 silly mapToRegistry name image-optimize
21 silly mapToRegistry using default registry
22 silly mapToRegistry registry https://registry.npmjs.org/
23 silly mapToRegistry uri https://registry.npmjs.org/image-optimize
24 verbose publish registryBase https://registry.npmjs.org/
25 silly publish uploading /Users/arsenghazaryan/.npm/image-optimize/0.0.1/package.tgz
26 verbose request uri https://registry.npmjs.org/image-optimize
27 verbose request sending authorization for write operation
28 info attempt registry request try #1 at 4:37:06 PM
29 verbose request using bearer token for auth
30 verbose request id deee75022098529e
31 http request PUT https://registry.npmjs.org/image-optimize
32 http 403 https://registry.npmjs.org/image-optimize
33 verbose headers { 'content-type': 'application/json',
33 verbose headers   'cache-control': 'max-age=300',
33 verbose headers   'content-length': '95',
33 verbose headers   'accept-ranges': 'bytes',
33 verbose headers   date: 'Fri, 04 Mar 2016 00:37:07 GMT',
33 verbose headers   via: '1.1 varnish',
33 verbose headers   connection: 'keep-alive',
33 verbose headers   'x-served-by': 'cache-sjc3135-SJC',
33 verbose headers   'x-cache': 'MISS',
33 verbose headers   'x-cache-hits': '0',
33 verbose headers   'x-timer': 'S1457051827.151821,VS0,VE640' }
34 verbose request invalidating /Users/arsenghazaryan/.npm/registry.npmjs.org/image-optimize on PUT
35 error publish Failed PUT 403
36 verbose stack Error: "You cannot publish over the previously published version 0.0.1." : image-optimize
36 verbose stack     at makeError (/usr/local/lib/node_modules/npm/node_modules/npm-registry-client/lib/request.js:264:12)
36 verbose stack     at CachingRegistryClient.<anonymous> (/usr/local/lib/node_modules/npm/node_modules/npm-registry-client/lib/request.js:252:14)
36 verbose stack     at Request._callback (/usr/local/lib/node_modules/npm/node_modules/npm-registry-client/lib/request.js:172:14)
36 verbose stack     at Request.self.callback (/usr/local/lib/node_modules/npm/node_modules/request/request.js:198:22)
36 verbose stack     at emitTwo (events.js:87:13)
36 verbose stack     at Request.emit (events.js:172:7)
36 verbose stack     at Request.<anonymous> (/usr/local/lib/node_modules/npm/node_modules/request/request.js:1082:10)
36 verbose stack     at emitOne (events.js:82:20)
36 verbose stack     at Request.emit (events.js:169:7)
36 verbose stack     at IncomingMessage.<anonymous> (/usr/local/lib/node_modules/npm/node_modules/request/request.js:1009:12)
37 verbose statusCode 403
38 verbose pkgid image-optimize
39 verbose cwd /Users/arsenghazaryan/image-optimizer
40 error Darwin 15.0.0
41 error argv "/usr/local/bin/node" "/usr/local/bin/npm" "publish"
42 error node v4.2.2
43 error npm  v3.5.2
44 error code E403
45 error "You cannot publish over the previously published version 0.0.1." : image-optimize
46 error If you need help, you may report this error at:
46 error     <https://github.com/npm/npm/issues>
47 verbose exit [ 1, true ]
